<?xml version="1.0" encoding="UTF-8"?>
<testng-results ignored="0" total="2" passed="2" failed="0" skipped="0">
  <reporter-output>
  </reporter-output>
  <suite started-at="2025-08-04T08:14:16 IST" name="Suite" finished-at="2025-08-04T08:14:26 IST" duration-ms="10063">
    <groups>
      <group name="regression">
        <method signature="TC002_LoginTest.verify_login()[pri:0, instance:testCases.TC002_LoginTest@606e4010]" name="verify_login" class="testCases.TC002_LoginTest"/>
      </group> <!-- regression -->
      <group name="sanity">
        <method signature="TC001_AccountRegistrationTest.test_registration()[pri:0, instance:testCases.TC001_AccountRegistrationTest@5f049ea1]" name="test_registration" class="testCases.TC001_AccountRegistrationTest"/>
      </group> <!-- sanity -->
    </groups>
    <test started-at="2025-08-04T08:14:16 IST" name="Linux-Chrome" finished-at="2025-08-04T08:14:26 IST" duration-ms="10063">
      <class name="testCases.TC002_LoginTest">
        <test-method is-config="true" signature="setup(java.lang.String,java.lang.String)[pri:0, instance:testCases.TC002_LoginTest@606e4010]" started-at="2025-08-04T08:14:21 IST" name="setup" finished-at="2025-08-04T08:14:24 IST" duration-ms="2071" status="PASS">
          <params>
            <param index="0">
              <value>
                <![CDATA[chrome]]>
              </value>
            </param>
            <param index="1">
              <value>
                <![CDATA[Linux]]>
              </value>
            </param>
          </params>
          <reporter-output>
          </reporter-output>
        </test-method> <!-- setup -->
        <test-method signature="verify_login()[pri:0, instance:testCases.TC002_LoginTest@606e4010]" started-at="2025-08-04T08:14:24 IST" name="verify_login" finished-at="2025-08-04T08:14:25 IST" duration-ms="1934" status="PASS">
          <reporter-output>
          </reporter-output>
        </test-method> <!-- verify_login -->
        <test-method is-config="true" signature="teardown()[pri:0, instance:testCases.TC002_LoginTest@606e4010]" started-at="2025-08-04T08:14:25 IST" name="teardown" finished-at="2025-08-04T08:14:26 IST" duration-ms="173" status="PASS">
          <reporter-output>
          </reporter-output>
        </test-method> <!-- teardown -->
      </class> <!-- testCases.TC002_LoginTest -->
      <class name="testCases.TC001_AccountRegistrationTest">
        <test-method is-config="true" signature="setup(java.lang.String,java.lang.String)[pri:0, instance:testCases.TC001_AccountRegistrationTest@5f049ea1]" started-at="2025-08-04T08:14:16 IST" name="setup" finished-at="2025-08-04T08:14:19 IST" duration-ms="2725" status="PASS">
          <params>
            <param index="0">
              <value>
                <![CDATA[chrome]]>
              </value>
            </param>
            <param index="1">
              <value>
                <![CDATA[Linux]]>
              </value>
            </param>
          </params>
          <reporter-output>
          </reporter-output>
        </test-method> <!-- setup -->
        <test-method signature="test_registration()[pri:0, instance:testCases.TC001_AccountRegistrationTest@5f049ea1]" started-at="2025-08-04T08:14:19 IST" name="test_registration" finished-at="2025-08-04T08:14:21 IST" duration-ms="2560" status="PASS">
          <reporter-output>
          </reporter-output>
        </test-method> <!-- test_registration -->
        <test-method is-config="true" signature="teardown()[pri:0, instance:testCases.TC001_AccountRegistrationTest@5f049ea1]" started-at="2025-08-04T08:14:21 IST" name="teardown" finished-at="2025-08-04T08:14:21 IST" duration-ms="314" status="PASS">
          <reporter-output>
          </reporter-output>
        </test-method> <!-- teardown -->
      </class> <!-- testCases.TC001_AccountRegistrationTest -->
    </test> <!-- Linux-Chrome -->
  </suite> <!-- Suite -->
</testng-results>
